<?xml version="1.0" encoding="UTF-8"?>
<!-- Generated by org.testng.reporters.JUnitReportReporter -->
<testsuite name="com.testng.Simple_Annotation" tests="1" time="0.022" ignored="0" failures="0" timestamp="12 Jan 2022 15:32:14 GMT" skipped="0" hostname="DESKTOP-M9EN909" errors="0">
  <testcase name="testMethod" time="0.022" classname="com.testng.Simple_Annotation"/>
</testsuite> <!-- com.testng.Simple_Annotation -->
